load_for_network_edge[('SOURCE#XXXX#end',_'sslateingress@POST@/cart#us_central_1#start')]
==
150
--------------------------------------------------------------------------------
load_for_network_edge[('SOURCE#XXXX#end',_'sslateingress@POST@/cart#us_west_1#start')]
==
150
--------------------------------------------------------------------------------
load_for_network_edge[('SOURCE#XXXX#end',_'sslateingress@POST@/cart/checkout#us_central_1#start')]
==
200
--------------------------------------------------------------------------------
load_for_network_edge[('SOURCE#XXXX#end',_'sslateingress@POST@/cart/checkout#us_west_1#start')]
==
400
--------------------------------------------------------------------------------
load_for_network_edge[('SOURCE#XXXX#end',_'sslateingress@POST@/cart/checkout#us_central_1#start')]
==
load_for_compute_edge[('sslateingress@POST@/cart/checkout#us_central_1#start',_'sslateingress@POST@/cart/checkout#us_central_1#end')]
--------------------------------------------------------------------------------
load_for_network_edge[('SOURCE#XXXX#end',_'sslateingress@POST@/cart#us_central_1#start')]
==
load_for_compute_edge[('sslateingress@POST@/cart#us_central_1#start',_'sslateingress@POST@/cart#us_central_1#end')]
--------------------------------------------------------------------------------
load_for_network_edge[('sslateingress@POST@/cart#us_west_1#end',_'frontend@POST@/cart#us_central_1#start')] + load_for_network_edge[('sslateingress@POST@/cart#us_central_1#end',_'frontend@POST@/cart#us_central_1#start')]
==
load_for_compute_edge[('frontend@POST@/cart#us_central_1#start',_'frontend@POST@/cart#us_central_1#end')]
--------------------------------------------------------------------------------
load_for_network_edge[('sslateingress@POST@/cart/checkout#us_west_1#end',_'frontend@POST@/cart/checkout#us_central_1#start')] + load_for_network_edge[('sslateingress@POST@/cart/checkout#us_central_1#end',_'frontend@POST@/cart/checkout#us_central_1#start')]
==
load_for_compute_edge[('frontend@POST@/cart/checkout#us_central_1#start',_'frontend@POST@/cart/checkout#us_central_1#end')]
--------------------------------------------------------------------------------
load_for_network_edge[('frontend@POST@/cart#us_west_1#end',_'productcatalogservice@POST@/hipstershop.ProductCatalogService/GetProduct#us_central_1#start')] + load_for_network_edge[('frontend@POST@/cart#us_central_1#end',_'productcatalogservice@POST@/hipstershop.ProductCatalogService/GetProduct#us_central_1#start')]
==
load_for_compute_edge[('productcatalogservice@POST@/hipstershop.ProductCatalogService/GetProduct#us_central_1#start',_'productcatalogservice@POST@/hipstershop.ProductCatalogService/GetProduct#us_central_1#end')]
--------------------------------------------------------------------------------
load_for_network_edge[('frontend@POST@/cart#us_west_1#end',_'cartservice@POST@/hipstershop.CartService/AddItem#us_central_1#start')] + load_for_network_edge[('frontend@POST@/cart#us_central_1#end',_'cartservice@POST@/hipstershop.CartService/AddItem#us_central_1#start')]
==
load_for_compute_edge[('cartservice@POST@/hipstershop.CartService/AddItem#us_central_1#start',_'cartservice@POST@/hipstershop.CartService/AddItem#us_central_1#end')]
--------------------------------------------------------------------------------
load_for_network_edge[('checkoutservice@POST@/hipstershop.CheckoutService/PlaceOrder#us_west_1#end',_'cartservice@POST@/hipstershop.CartService/GetCart#us_central_1#start')] + load_for_network_edge[('checkoutservice@POST@/hipstershop.CheckoutService/PlaceOrder#us_central_1#end',_'cartservice@POST@/hipstershop.CartService/GetCart#us_central_1#start')]
==
load_for_compute_edge[('cartservice@POST@/hipstershop.CartService/GetCart#us_central_1#start',_'cartservice@POST@/hipstershop.CartService/GetCart#us_central_1#end')]
--------------------------------------------------------------------------------
load_for_network_edge[('checkoutservice@POST@/hipstershop.CheckoutService/PlaceOrder#us_west_1#end',_'emailservice@POST@/hipstershop.EmailService/SendOrderConfirmation#us_central_1#start')] + load_for_network_edge[('checkoutservice@POST@/hipstershop.CheckoutService/PlaceOrder#us_central_1#end',_'emailservice@POST@/hipstershop.EmailService/SendOrderConfirmation#us_central_1#start')]
==
load_for_compute_edge[('emailservice@POST@/hipstershop.EmailService/SendOrderConfirmation#us_central_1#start',_'emailservice@POST@/hipstershop.EmailService/SendOrderConfirmation#us_central_1#end')]
--------------------------------------------------------------------------------
load_for_network_edge[('frontend@POST@/cart/checkout#us_west_1#end',_'recommendationservice@POST@/hipstershop.RecommendationService/ListRecommendations#us_central_1#start')] + load_for_network_edge[('frontend@POST@/cart/checkout#us_central_1#end',_'recommendationservice@POST@/hipstershop.RecommendationService/ListRecommendations#us_central_1#start')]
==
load_for_compute_edge[('recommendationservice@POST@/hipstershop.RecommendationService/ListRecommendations#us_central_1#start',_'recommendationservice@POST@/hipstershop.RecommendationService/ListRecommendations#us_central_1#end')]
--------------------------------------------------------------------------------
load_for_network_edge[('frontend@POST@/cart/checkout#us_west_1#end',_'checkoutservice@POST@/hipstershop.CheckoutService/PlaceOrder#us_central_1#start')] + load_for_network_edge[('frontend@POST@/cart/checkout#us_central_1#end',_'checkoutservice@POST@/hipstershop.CheckoutService/PlaceOrder#us_central_1#start')]
==
load_for_compute_edge[('checkoutservice@POST@/hipstershop.CheckoutService/PlaceOrder#us_central_1#start',_'checkoutservice@POST@/hipstershop.CheckoutService/PlaceOrder#us_central_1#end')]
--------------------------------------------------------------------------------
load_for_network_edge[('checkoutservice@POST@/hipstershop.CheckoutService/PlaceOrder#us_west_1#end',_'paymentservice@POST@/hipstershop.PaymentService/Charge#us_central_1#start')] + load_for_network_edge[('checkoutservice@POST@/hipstershop.CheckoutService/PlaceOrder#us_central_1#end',_'paymentservice@POST@/hipstershop.PaymentService/Charge#us_central_1#start')]
==
load_for_compute_edge[('paymentservice@POST@/hipstershop.PaymentService/Charge#us_central_1#start',_'paymentservice@POST@/hipstershop.PaymentService/Charge#us_central_1#end')]
--------------------------------------------------------------------------------
load_for_network_edge[('frontend@POST@/cart/checkout#us_west_1#end',_'currencyservice@POST@/hipstershop.CurrencyService/GetSupportedCurrencies#us_central_1#start')] + load_for_network_edge[('frontend@POST@/cart/checkout#us_central_1#end',_'currencyservice@POST@/hipstershop.CurrencyService/GetSupportedCurrencies#us_central_1#start')]
==
load_for_compute_edge[('currencyservice@POST@/hipstershop.CurrencyService/GetSupportedCurrencies#us_central_1#start',_'currencyservice@POST@/hipstershop.CurrencyService/GetSupportedCurrencies#us_central_1#end')]
--------------------------------------------------------------------------------
load_for_network_edge[('SOURCE#XXXX#end',_'sslateingress@POST@/cart/checkout#us_west_1#start')]
==
load_for_compute_edge[('sslateingress@POST@/cart/checkout#us_west_1#start',_'sslateingress@POST@/cart/checkout#us_west_1#end')]
--------------------------------------------------------------------------------
load_for_network_edge[('SOURCE#XXXX#end',_'sslateingress@POST@/cart#us_west_1#start')]
==
load_for_compute_edge[('sslateingress@POST@/cart#us_west_1#start',_'sslateingress@POST@/cart#us_west_1#end')]
--------------------------------------------------------------------------------
load_for_network_edge[('sslateingress@POST@/cart#us_west_1#end',_'frontend@POST@/cart#us_west_1#start')] + load_for_network_edge[('sslateingress@POST@/cart#us_central_1#end',_'frontend@POST@/cart#us_west_1#start')]
==
load_for_compute_edge[('frontend@POST@/cart#us_west_1#start',_'frontend@POST@/cart#us_west_1#end')]
--------------------------------------------------------------------------------
load_for_network_edge[('sslateingress@POST@/cart/checkout#us_west_1#end',_'frontend@POST@/cart/checkout#us_west_1#start')] + load_for_network_edge[('sslateingress@POST@/cart/checkout#us_central_1#end',_'frontend@POST@/cart/checkout#us_west_1#start')]
==
load_for_compute_edge[('frontend@POST@/cart/checkout#us_west_1#start',_'frontend@POST@/cart/checkout#us_west_1#end')]
--------------------------------------------------------------------------------
load_for_network_edge[('frontend@POST@/cart#us_west_1#end',_'productcatalogservice@POST@/hipstershop.ProductCatalogService/GetProduct#us_west_1#start')] + load_for_network_edge[('frontend@POST@/cart#us_central_1#end',_'productcatalogservice@POST@/hipstershop.ProductCatalogService/GetProduct#us_west_1#start')]
==
load_for_compute_edge[('productcatalogservice@POST@/hipstershop.ProductCatalogService/GetProduct#us_west_1#start',_'productcatalogservice@POST@/hipstershop.ProductCatalogService/GetProduct#us_west_1#end')]
--------------------------------------------------------------------------------
load_for_network_edge[('frontend@POST@/cart#us_west_1#end',_'cartservice@POST@/hipstershop.CartService/AddItem#us_west_1#start')] + load_for_network_edge[('frontend@POST@/cart#us_central_1#end',_'cartservice@POST@/hipstershop.CartService/AddItem#us_west_1#start')]
==
load_for_compute_edge[('cartservice@POST@/hipstershop.CartService/AddItem#us_west_1#start',_'cartservice@POST@/hipstershop.CartService/AddItem#us_west_1#end')]
--------------------------------------------------------------------------------
load_for_network_edge[('checkoutservice@POST@/hipstershop.CheckoutService/PlaceOrder#us_west_1#end',_'cartservice@POST@/hipstershop.CartService/GetCart#us_west_1#start')] + load_for_network_edge[('checkoutservice@POST@/hipstershop.CheckoutService/PlaceOrder#us_central_1#end',_'cartservice@POST@/hipstershop.CartService/GetCart#us_west_1#start')]
==
load_for_compute_edge[('cartservice@POST@/hipstershop.CartService/GetCart#us_west_1#start',_'cartservice@POST@/hipstershop.CartService/GetCart#us_west_1#end')]
--------------------------------------------------------------------------------
load_for_network_edge[('checkoutservice@POST@/hipstershop.CheckoutService/PlaceOrder#us_west_1#end',_'emailservice@POST@/hipstershop.EmailService/SendOrderConfirmation#us_west_1#start')] + load_for_network_edge[('checkoutservice@POST@/hipstershop.CheckoutService/PlaceOrder#us_central_1#end',_'emailservice@POST@/hipstershop.EmailService/SendOrderConfirmation#us_west_1#start')]
==
load_for_compute_edge[('emailservice@POST@/hipstershop.EmailService/SendOrderConfirmation#us_west_1#start',_'emailservice@POST@/hipstershop.EmailService/SendOrderConfirmation#us_west_1#end')]
--------------------------------------------------------------------------------
load_for_network_edge[('frontend@POST@/cart/checkout#us_west_1#end',_'recommendationservice@POST@/hipstershop.RecommendationService/ListRecommendations#us_west_1#start')] + load_for_network_edge[('frontend@POST@/cart/checkout#us_central_1#end',_'recommendationservice@POST@/hipstershop.RecommendationService/ListRecommendations#us_west_1#start')]
==
load_for_compute_edge[('recommendationservice@POST@/hipstershop.RecommendationService/ListRecommendations#us_west_1#start',_'recommendationservice@POST@/hipstershop.RecommendationService/ListRecommendations#us_west_1#end')]
--------------------------------------------------------------------------------
load_for_network_edge[('frontend@POST@/cart/checkout#us_west_1#end',_'checkoutservice@POST@/hipstershop.CheckoutService/PlaceOrder#us_west_1#start')] + load_for_network_edge[('frontend@POST@/cart/checkout#us_central_1#end',_'checkoutservice@POST@/hipstershop.CheckoutService/PlaceOrder#us_west_1#start')]
==
load_for_compute_edge[('checkoutservice@POST@/hipstershop.CheckoutService/PlaceOrder#us_west_1#start',_'checkoutservice@POST@/hipstershop.CheckoutService/PlaceOrder#us_west_1#end')]
--------------------------------------------------------------------------------
load_for_network_edge[('checkoutservice@POST@/hipstershop.CheckoutService/PlaceOrder#us_west_1#end',_'paymentservice@POST@/hipstershop.PaymentService/Charge#us_west_1#start')] + load_for_network_edge[('checkoutservice@POST@/hipstershop.CheckoutService/PlaceOrder#us_central_1#end',_'paymentservice@POST@/hipstershop.PaymentService/Charge#us_west_1#start')]
==
load_for_compute_edge[('paymentservice@POST@/hipstershop.PaymentService/Charge#us_west_1#start',_'paymentservice@POST@/hipstershop.PaymentService/Charge#us_west_1#end')]
--------------------------------------------------------------------------------
load_for_network_edge[('frontend@POST@/cart/checkout#us_west_1#end',_'currencyservice@POST@/hipstershop.CurrencyService/GetSupportedCurrencies#us_west_1#start')] + load_for_network_edge[('frontend@POST@/cart/checkout#us_central_1#end',_'currencyservice@POST@/hipstershop.CurrencyService/GetSupportedCurrencies#us_west_1#start')]
==
load_for_compute_edge[('currencyservice@POST@/hipstershop.CurrencyService/GetSupportedCurrencies#us_west_1#start',_'currencyservice@POST@/hipstershop.CurrencyService/GetSupportedCurrencies#us_west_1#end')]
--------------------------------------------------------------------------------
load_for_compute_edge[('sslateingress@POST@/cart#us_west_1#start',_'sslateingress@POST@/cart#us_west_1#end')]
==
load_for_network_edge[('sslateingress@POST@/cart#us_west_1#end',_'frontend@POST@/cart#us_west_1#start')] + load_for_network_edge[('sslateingress@POST@/cart#us_west_1#end',_'frontend@POST@/cart#us_central_1#start')]
--------------------------------------------------------------------------------
load_for_compute_edge[('sslateingress@POST@/cart#us_central_1#start',_'sslateingress@POST@/cart#us_central_1#end')]
==
load_for_network_edge[('sslateingress@POST@/cart#us_central_1#end',_'frontend@POST@/cart#us_west_1#start')] + load_for_network_edge[('sslateingress@POST@/cart#us_central_1#end',_'frontend@POST@/cart#us_central_1#start')]
--------------------------------------------------------------------------------
load_for_compute_edge[('frontend@POST@/cart#us_west_1#start',_'frontend@POST@/cart#us_west_1#end')]
==
load_for_network_edge[('frontend@POST@/cart#us_west_1#end',_'cartservice@POST@/hipstershop.CartService/AddItem#us_west_1#start')] + load_for_network_edge[('frontend@POST@/cart#us_west_1#end',_'cartservice@POST@/hipstershop.CartService/AddItem#us_central_1#start')]
--------------------------------------------------------------------------------
load_for_compute_edge[('frontend@POST@/cart#us_west_1#start',_'frontend@POST@/cart#us_west_1#end')]
==
load_for_network_edge[('frontend@POST@/cart#us_west_1#end',_'productcatalogservice@POST@/hipstershop.ProductCatalogService/GetProduct#us_west_1#start')] + load_for_network_edge[('frontend@POST@/cart#us_west_1#end',_'productcatalogservice@POST@/hipstershop.ProductCatalogService/GetProduct#us_central_1#start')]
--------------------------------------------------------------------------------
load_for_compute_edge[('frontend@POST@/cart#us_central_1#start',_'frontend@POST@/cart#us_central_1#end')]
==
load_for_network_edge[('frontend@POST@/cart#us_central_1#end',_'cartservice@POST@/hipstershop.CartService/AddItem#us_west_1#start')] + load_for_network_edge[('frontend@POST@/cart#us_central_1#end',_'cartservice@POST@/hipstershop.CartService/AddItem#us_central_1#start')]
--------------------------------------------------------------------------------
load_for_compute_edge[('frontend@POST@/cart#us_central_1#start',_'frontend@POST@/cart#us_central_1#end')]
==
load_for_network_edge[('frontend@POST@/cart#us_central_1#end',_'productcatalogservice@POST@/hipstershop.ProductCatalogService/GetProduct#us_west_1#start')] + load_for_network_edge[('frontend@POST@/cart#us_central_1#end',_'productcatalogservice@POST@/hipstershop.ProductCatalogService/GetProduct#us_central_1#start')]
--------------------------------------------------------------------------------
load_for_compute_edge[('sslateingress@POST@/cart/checkout#us_west_1#start',_'sslateingress@POST@/cart/checkout#us_west_1#end')]
==
load_for_network_edge[('sslateingress@POST@/cart/checkout#us_west_1#end',_'frontend@POST@/cart/checkout#us_west_1#start')] + load_for_network_edge[('sslateingress@POST@/cart/checkout#us_west_1#end',_'frontend@POST@/cart/checkout#us_central_1#start')]
--------------------------------------------------------------------------------
load_for_compute_edge[('sslateingress@POST@/cart/checkout#us_central_1#start',_'sslateingress@POST@/cart/checkout#us_central_1#end')]
==
load_for_network_edge[('sslateingress@POST@/cart/checkout#us_central_1#end',_'frontend@POST@/cart/checkout#us_west_1#start')] + load_for_network_edge[('sslateingress@POST@/cart/checkout#us_central_1#end',_'frontend@POST@/cart/checkout#us_central_1#start')]
--------------------------------------------------------------------------------
load_for_compute_edge[('checkoutservice@POST@/hipstershop.CheckoutService/PlaceOrder#us_west_1#start',_'checkoutservice@POST@/hipstershop.CheckoutService/PlaceOrder#us_west_1#end')]
==
load_for_network_edge[('checkoutservice@POST@/hipstershop.CheckoutService/PlaceOrder#us_west_1#end',_'cartservice@POST@/hipstershop.CartService/GetCart#us_west_1#start')] + load_for_network_edge[('checkoutservice@POST@/hipstershop.CheckoutService/PlaceOrder#us_west_1#end',_'cartservice@POST@/hipstershop.CartService/GetCart#us_central_1#start')]
--------------------------------------------------------------------------------
load_for_compute_edge[('checkoutservice@POST@/hipstershop.CheckoutService/PlaceOrder#us_west_1#start',_'checkoutservice@POST@/hipstershop.CheckoutService/PlaceOrder#us_west_1#end')]
==
load_for_network_edge[('checkoutservice@POST@/hipstershop.CheckoutService/PlaceOrder#us_west_1#end',_'emailservice@POST@/hipstershop.EmailService/SendOrderConfirmation#us_west_1#start')] + load_for_network_edge[('checkoutservice@POST@/hipstershop.CheckoutService/PlaceOrder#us_west_1#end',_'emailservice@POST@/hipstershop.EmailService/SendOrderConfirmation#us_central_1#start')]
--------------------------------------------------------------------------------
load_for_compute_edge[('checkoutservice@POST@/hipstershop.CheckoutService/PlaceOrder#us_west_1#start',_'checkoutservice@POST@/hipstershop.CheckoutService/PlaceOrder#us_west_1#end')]
==
load_for_network_edge[('checkoutservice@POST@/hipstershop.CheckoutService/PlaceOrder#us_west_1#end',_'paymentservice@POST@/hipstershop.PaymentService/Charge#us_west_1#start')] + load_for_network_edge[('checkoutservice@POST@/hipstershop.CheckoutService/PlaceOrder#us_west_1#end',_'paymentservice@POST@/hipstershop.PaymentService/Charge#us_central_1#start')]
--------------------------------------------------------------------------------
load_for_compute_edge[('checkoutservice@POST@/hipstershop.CheckoutService/PlaceOrder#us_central_1#start',_'checkoutservice@POST@/hipstershop.CheckoutService/PlaceOrder#us_central_1#end')]
==
load_for_network_edge[('checkoutservice@POST@/hipstershop.CheckoutService/PlaceOrder#us_central_1#end',_'cartservice@POST@/hipstershop.CartService/GetCart#us_west_1#start')] + load_for_network_edge[('checkoutservice@POST@/hipstershop.CheckoutService/PlaceOrder#us_central_1#end',_'cartservice@POST@/hipstershop.CartService/GetCart#us_central_1#start')]
--------------------------------------------------------------------------------
load_for_compute_edge[('checkoutservice@POST@/hipstershop.CheckoutService/PlaceOrder#us_central_1#start',_'checkoutservice@POST@/hipstershop.CheckoutService/PlaceOrder#us_central_1#end')]
==
load_for_network_edge[('checkoutservice@POST@/hipstershop.CheckoutService/PlaceOrder#us_central_1#end',_'emailservice@POST@/hipstershop.EmailService/SendOrderConfirmation#us_west_1#start')] + load_for_network_edge[('checkoutservice@POST@/hipstershop.CheckoutService/PlaceOrder#us_central_1#end',_'emailservice@POST@/hipstershop.EmailService/SendOrderConfirmation#us_central_1#start')]
--------------------------------------------------------------------------------
load_for_compute_edge[('checkoutservice@POST@/hipstershop.CheckoutService/PlaceOrder#us_central_1#start',_'checkoutservice@POST@/hipstershop.CheckoutService/PlaceOrder#us_central_1#end')]
==
load_for_network_edge[('checkoutservice@POST@/hipstershop.CheckoutService/PlaceOrder#us_central_1#end',_'paymentservice@POST@/hipstershop.PaymentService/Charge#us_west_1#start')] + load_for_network_edge[('checkoutservice@POST@/hipstershop.CheckoutService/PlaceOrder#us_central_1#end',_'paymentservice@POST@/hipstershop.PaymentService/Charge#us_central_1#start')]
--------------------------------------------------------------------------------
load_for_compute_edge[('frontend@POST@/cart/checkout#us_west_1#start',_'frontend@POST@/cart/checkout#us_west_1#end')]
==
load_for_network_edge[('frontend@POST@/cart/checkout#us_west_1#end',_'checkoutservice@POST@/hipstershop.CheckoutService/PlaceOrder#us_west_1#start')] + load_for_network_edge[('frontend@POST@/cart/checkout#us_west_1#end',_'checkoutservice@POST@/hipstershop.CheckoutService/PlaceOrder#us_central_1#start')]
--------------------------------------------------------------------------------
load_for_compute_edge[('frontend@POST@/cart/checkout#us_west_1#start',_'frontend@POST@/cart/checkout#us_west_1#end')]
==
load_for_network_edge[('frontend@POST@/cart/checkout#us_west_1#end',_'currencyservice@POST@/hipstershop.CurrencyService/GetSupportedCurrencies#us_west_1#start')] + load_for_network_edge[('frontend@POST@/cart/checkout#us_west_1#end',_'currencyservice@POST@/hipstershop.CurrencyService/GetSupportedCurrencies#us_central_1#start')]
--------------------------------------------------------------------------------
load_for_compute_edge[('frontend@POST@/cart/checkout#us_west_1#start',_'frontend@POST@/cart/checkout#us_west_1#end')]
==
load_for_network_edge[('frontend@POST@/cart/checkout#us_west_1#end',_'recommendationservice@POST@/hipstershop.RecommendationService/ListRecommendations#us_west_1#start')] + load_for_network_edge[('frontend@POST@/cart/checkout#us_west_1#end',_'recommendationservice@POST@/hipstershop.RecommendationService/ListRecommendations#us_central_1#start')]
--------------------------------------------------------------------------------
load_for_compute_edge[('frontend@POST@/cart/checkout#us_central_1#start',_'frontend@POST@/cart/checkout#us_central_1#end')]
==
load_for_network_edge[('frontend@POST@/cart/checkout#us_central_1#end',_'checkoutservice@POST@/hipstershop.CheckoutService/PlaceOrder#us_west_1#start')] + load_for_network_edge[('frontend@POST@/cart/checkout#us_central_1#end',_'checkoutservice@POST@/hipstershop.CheckoutService/PlaceOrder#us_central_1#start')]
--------------------------------------------------------------------------------
load_for_compute_edge[('frontend@POST@/cart/checkout#us_central_1#start',_'frontend@POST@/cart/checkout#us_central_1#end')]
==
load_for_network_edge[('frontend@POST@/cart/checkout#us_central_1#end',_'currencyservice@POST@/hipstershop.CurrencyService/GetSupportedCurrencies#us_west_1#start')] + load_for_network_edge[('frontend@POST@/cart/checkout#us_central_1#end',_'currencyservice@POST@/hipstershop.CurrencyService/GetSupportedCurrencies#us_central_1#start')]
--------------------------------------------------------------------------------
load_for_compute_edge[('frontend@POST@/cart/checkout#us_central_1#start',_'frontend@POST@/cart/checkout#us_central_1#end')]
==
load_for_network_edge[('frontend@POST@/cart/checkout#us_central_1#end',_'recommendationservice@POST@/hipstershop.RecommendationService/ListRecommendations#us_west_1#start')] + load_for_network_edge[('frontend@POST@/cart/checkout#us_central_1#end',_'recommendationservice@POST@/hipstershop.RecommendationService/ListRecommendations#us_central_1#start')]
--------------------------------------------------------------------------------
