<gurobi.Var compute_latency[('corecontrast@POST@/singlecore#us_central_1#start',_'corecontrast@POST@/singlecore#us_central_1#end')]>
==
1.0 + [ 0.078340559948566 load_for_compute_edge[('corecontrast@POST@/singlecore#us_central_1#start',_'corecontrast@POST@/singlecore#us_central_1#end')] ^ 2 ]
--------------------------------------------------------------------------------
<gurobi.Var compute_latency[('corecontrast@POST@/multicore#us_central_1#start',_'corecontrast@POST@/multicore#us_central_1#end')]>
==
1.0 + [ 0.0015913631904008 load_for_compute_edge[('corecontrast@POST@/multicore#us_central_1#start',_'corecontrast@POST@/multicore#us_central_1#end')] ^ 2 ]
--------------------------------------------------------------------------------
<gurobi.Var compute_latency[('sslateingress@POST@/singlecore#us_central_1#start',_'sslateingress@POST@/singlecore#us_central_1#end')]>
==
1.82261443113976 + [ 0.0001776010064601 load_for_compute_edge[('sslateingress@POST@/singlecore#us_central_1#start',_'sslateingress@POST@/singlecore#us_central_1#end')] ^ 2 ]
--------------------------------------------------------------------------------
<gurobi.Var compute_latency[('sslateingress@POST@/multicore#us_central_1#start',_'sslateingress@POST@/multicore#us_central_1#end')]>
==
3.115396051809149 + [ 1.8545858800198172e-06 load_for_compute_edge[('sslateingress@POST@/multicore#us_central_1#start',_'sslateingress@POST@/multicore#us_central_1#end')] ^ 2 ]
--------------------------------------------------------------------------------
<gurobi.Var compute_latency[('corecontrast@POST@/singlecore#us_east_1#start',_'corecontrast@POST@/singlecore#us_east_1#end')]>
==
1.0 + [ 0.078340559948566 load_for_compute_edge[('corecontrast@POST@/singlecore#us_east_1#start',_'corecontrast@POST@/singlecore#us_east_1#end')] ^ 2 ]
--------------------------------------------------------------------------------
<gurobi.Var compute_latency[('corecontrast@POST@/multicore#us_east_1#start',_'corecontrast@POST@/multicore#us_east_1#end')]>
==
1.0 + [ 0.0015913631904008 load_for_compute_edge[('corecontrast@POST@/multicore#us_east_1#start',_'corecontrast@POST@/multicore#us_east_1#end')] ^ 2 ]
--------------------------------------------------------------------------------
<gurobi.Var compute_latency[('sslateingress@POST@/singlecore#us_east_1#start',_'sslateingress@POST@/singlecore#us_east_1#end')]>
==
1.82261443113976 + [ 0.0001776010064601 load_for_compute_edge[('sslateingress@POST@/singlecore#us_east_1#start',_'sslateingress@POST@/singlecore#us_east_1#end')] ^ 2 ]
--------------------------------------------------------------------------------
<gurobi.Var compute_latency[('sslateingress@POST@/multicore#us_east_1#start',_'sslateingress@POST@/multicore#us_east_1#end')]>
==
3.115396051809149 + [ 1.8545858800198172e-06 load_for_compute_edge[('sslateingress@POST@/multicore#us_east_1#start',_'sslateingress@POST@/multicore#us_east_1#end')] ^ 2 ]
--------------------------------------------------------------------------------
<gurobi.Var compute_latency[('corecontrast@POST@/singlecore#us_south_1#start',_'corecontrast@POST@/singlecore#us_south_1#end')]>
==
1.0 + [ 0.078340559948566 load_for_compute_edge[('corecontrast@POST@/singlecore#us_south_1#start',_'corecontrast@POST@/singlecore#us_south_1#end')] ^ 2 ]
--------------------------------------------------------------------------------
<gurobi.Var compute_latency[('corecontrast@POST@/multicore#us_south_1#start',_'corecontrast@POST@/multicore#us_south_1#end')]>
==
1.0 + [ 0.0015913631904008 load_for_compute_edge[('corecontrast@POST@/multicore#us_south_1#start',_'corecontrast@POST@/multicore#us_south_1#end')] ^ 2 ]
--------------------------------------------------------------------------------
<gurobi.Var compute_latency[('sslateingress@POST@/singlecore#us_south_1#start',_'sslateingress@POST@/singlecore#us_south_1#end')]>
==
1.82261443113976 + [ 0.0001776010064601 load_for_compute_edge[('sslateingress@POST@/singlecore#us_south_1#start',_'sslateingress@POST@/singlecore#us_south_1#end')] ^ 2 ]
--------------------------------------------------------------------------------
<gurobi.Var compute_latency[('sslateingress@POST@/multicore#us_south_1#start',_'sslateingress@POST@/multicore#us_south_1#end')]>
==
3.115396051809149 + [ 1.8545858800198172e-06 load_for_compute_edge[('sslateingress@POST@/multicore#us_south_1#start',_'sslateingress@POST@/multicore#us_south_1#end')] ^ 2 ]
--------------------------------------------------------------------------------
<gurobi.Var compute_latency[('corecontrast@POST@/singlecore#us_west_1#start',_'corecontrast@POST@/singlecore#us_west_1#end')]>
==
1.0 + [ 0.078340559948566 load_for_compute_edge[('corecontrast@POST@/singlecore#us_west_1#start',_'corecontrast@POST@/singlecore#us_west_1#end')] ^ 2 ]
--------------------------------------------------------------------------------
<gurobi.Var compute_latency[('corecontrast@POST@/multicore#us_west_1#start',_'corecontrast@POST@/multicore#us_west_1#end')]>
==
1.0 + [ 0.0015913631904008 load_for_compute_edge[('corecontrast@POST@/multicore#us_west_1#start',_'corecontrast@POST@/multicore#us_west_1#end')] ^ 2 ]
--------------------------------------------------------------------------------
<gurobi.Var compute_latency[('sslateingress@POST@/singlecore#us_west_1#start',_'sslateingress@POST@/singlecore#us_west_1#end')]>
==
1.82261443113976 + [ 0.0001776010064601 load_for_compute_edge[('sslateingress@POST@/singlecore#us_west_1#start',_'sslateingress@POST@/singlecore#us_west_1#end')] ^ 2 ]
--------------------------------------------------------------------------------
<gurobi.Var compute_latency[('sslateingress@POST@/multicore#us_west_1#start',_'sslateingress@POST@/multicore#us_west_1#end')]>
==
3.115396051809149 + [ 1.8545858800198172e-06 load_for_compute_edge[('sslateingress@POST@/multicore#us_west_1#start',_'sslateingress@POST@/multicore#us_west_1#end')] ^ 2 ]
--------------------------------------------------------------------------------
load_for_network_edge[('SOURCE#XXXX#end',_'sslateingress@POST@/singlecore#us_central_1#start')]
==
2
--------------------------------------------------------------------------------
load_for_network_edge[('SOURCE#XXXX#end',_'sslateingress@POST@/singlecore#us_east_1#start')]
==
1
--------------------------------------------------------------------------------
load_for_network_edge[('SOURCE#XXXX#end',_'sslateingress@POST@/singlecore#us_south_1#start')]
==
100
--------------------------------------------------------------------------------
load_for_network_edge[('SOURCE#XXXX#end',_'sslateingress@POST@/singlecore#us_west_1#start')]
==
100
--------------------------------------------------------------------------------
load_for_network_edge[('SOURCE#XXXX#end',_'sslateingress@POST@/multicore#us_central_1#start')]
==
0
--------------------------------------------------------------------------------
load_for_network_edge[('SOURCE#XXXX#end',_'sslateingress@POST@/multicore#us_east_1#start')]
==
0
--------------------------------------------------------------------------------
load_for_network_edge[('SOURCE#XXXX#end',_'sslateingress@POST@/multicore#us_south_1#start')]
==
0
--------------------------------------------------------------------------------
load_for_network_edge[('SOURCE#XXXX#end',_'sslateingress@POST@/multicore#us_west_1#start')]
==
500
--------------------------------------------------------------------------------
load_for_network_edge[('sslateingress@POST@/singlecore#us_west_1#end',_'corecontrast@POST@/singlecore#us_central_1#start')] + load_for_network_edge[('sslateingress@POST@/singlecore#us_central_1#end',_'corecontrast@POST@/singlecore#us_central_1#start')] + load_for_network_edge[('sslateingress@POST@/singlecore#us_south_1#end',_'corecontrast@POST@/singlecore#us_central_1#start')] + load_for_network_edge[('sslateingress@POST@/singlecore#us_east_1#end',_'corecontrast@POST@/singlecore#us_central_1#start')]
==
load_for_compute_edge[('corecontrast@POST@/singlecore#us_central_1#start',_'corecontrast@POST@/singlecore#us_central_1#end')]
--------------------------------------------------------------------------------
load_for_network_edge[('sslateingress@POST@/multicore#us_west_1#end',_'corecontrast@POST@/multicore#us_central_1#start')] + load_for_network_edge[('sslateingress@POST@/multicore#us_central_1#end',_'corecontrast@POST@/multicore#us_central_1#start')] + load_for_network_edge[('sslateingress@POST@/multicore#us_south_1#end',_'corecontrast@POST@/multicore#us_central_1#start')] + load_for_network_edge[('sslateingress@POST@/multicore#us_east_1#end',_'corecontrast@POST@/multicore#us_central_1#start')]
==
load_for_compute_edge[('corecontrast@POST@/multicore#us_central_1#start',_'corecontrast@POST@/multicore#us_central_1#end')]
--------------------------------------------------------------------------------
load_for_network_edge[('SOURCE#XXXX#end',_'sslateingress@POST@/singlecore#us_central_1#start')]
==
load_for_compute_edge[('sslateingress@POST@/singlecore#us_central_1#start',_'sslateingress@POST@/singlecore#us_central_1#end')]
--------------------------------------------------------------------------------
load_for_network_edge[('SOURCE#XXXX#end',_'sslateingress@POST@/multicore#us_central_1#start')]
==
load_for_compute_edge[('sslateingress@POST@/multicore#us_central_1#start',_'sslateingress@POST@/multicore#us_central_1#end')]
--------------------------------------------------------------------------------
load_for_network_edge[('sslateingress@POST@/singlecore#us_west_1#end',_'corecontrast@POST@/singlecore#us_east_1#start')] + load_for_network_edge[('sslateingress@POST@/singlecore#us_central_1#end',_'corecontrast@POST@/singlecore#us_east_1#start')] + load_for_network_edge[('sslateingress@POST@/singlecore#us_south_1#end',_'corecontrast@POST@/singlecore#us_east_1#start')] + load_for_network_edge[('sslateingress@POST@/singlecore#us_east_1#end',_'corecontrast@POST@/singlecore#us_east_1#start')]
==
load_for_compute_edge[('corecontrast@POST@/singlecore#us_east_1#start',_'corecontrast@POST@/singlecore#us_east_1#end')]
--------------------------------------------------------------------------------
load_for_network_edge[('sslateingress@POST@/multicore#us_west_1#end',_'corecontrast@POST@/multicore#us_east_1#start')] + load_for_network_edge[('sslateingress@POST@/multicore#us_central_1#end',_'corecontrast@POST@/multicore#us_east_1#start')] + load_for_network_edge[('sslateingress@POST@/multicore#us_south_1#end',_'corecontrast@POST@/multicore#us_east_1#start')] + load_for_network_edge[('sslateingress@POST@/multicore#us_east_1#end',_'corecontrast@POST@/multicore#us_east_1#start')]
==
load_for_compute_edge[('corecontrast@POST@/multicore#us_east_1#start',_'corecontrast@POST@/multicore#us_east_1#end')]
--------------------------------------------------------------------------------
load_for_network_edge[('SOURCE#XXXX#end',_'sslateingress@POST@/singlecore#us_east_1#start')]
==
load_for_compute_edge[('sslateingress@POST@/singlecore#us_east_1#start',_'sslateingress@POST@/singlecore#us_east_1#end')]
--------------------------------------------------------------------------------
load_for_network_edge[('SOURCE#XXXX#end',_'sslateingress@POST@/multicore#us_east_1#start')]
==
load_for_compute_edge[('sslateingress@POST@/multicore#us_east_1#start',_'sslateingress@POST@/multicore#us_east_1#end')]
--------------------------------------------------------------------------------
load_for_network_edge[('sslateingress@POST@/singlecore#us_west_1#end',_'corecontrast@POST@/singlecore#us_south_1#start')] + load_for_network_edge[('sslateingress@POST@/singlecore#us_central_1#end',_'corecontrast@POST@/singlecore#us_south_1#start')] + load_for_network_edge[('sslateingress@POST@/singlecore#us_south_1#end',_'corecontrast@POST@/singlecore#us_south_1#start')] + load_for_network_edge[('sslateingress@POST@/singlecore#us_east_1#end',_'corecontrast@POST@/singlecore#us_south_1#start')]
==
load_for_compute_edge[('corecontrast@POST@/singlecore#us_south_1#start',_'corecontrast@POST@/singlecore#us_south_1#end')]
--------------------------------------------------------------------------------
load_for_network_edge[('sslateingress@POST@/multicore#us_west_1#end',_'corecontrast@POST@/multicore#us_south_1#start')] + load_for_network_edge[('sslateingress@POST@/multicore#us_central_1#end',_'corecontrast@POST@/multicore#us_south_1#start')] + load_for_network_edge[('sslateingress@POST@/multicore#us_south_1#end',_'corecontrast@POST@/multicore#us_south_1#start')] + load_for_network_edge[('sslateingress@POST@/multicore#us_east_1#end',_'corecontrast@POST@/multicore#us_south_1#start')]
==
load_for_compute_edge[('corecontrast@POST@/multicore#us_south_1#start',_'corecontrast@POST@/multicore#us_south_1#end')]
--------------------------------------------------------------------------------
load_for_network_edge[('SOURCE#XXXX#end',_'sslateingress@POST@/singlecore#us_south_1#start')]
==
load_for_compute_edge[('sslateingress@POST@/singlecore#us_south_1#start',_'sslateingress@POST@/singlecore#us_south_1#end')]
--------------------------------------------------------------------------------
load_for_network_edge[('SOURCE#XXXX#end',_'sslateingress@POST@/multicore#us_south_1#start')]
==
load_for_compute_edge[('sslateingress@POST@/multicore#us_south_1#start',_'sslateingress@POST@/multicore#us_south_1#end')]
--------------------------------------------------------------------------------
load_for_network_edge[('sslateingress@POST@/singlecore#us_west_1#end',_'corecontrast@POST@/singlecore#us_west_1#start')] + load_for_network_edge[('sslateingress@POST@/singlecore#us_central_1#end',_'corecontrast@POST@/singlecore#us_west_1#start')] + load_for_network_edge[('sslateingress@POST@/singlecore#us_south_1#end',_'corecontrast@POST@/singlecore#us_west_1#start')] + load_for_network_edge[('sslateingress@POST@/singlecore#us_east_1#end',_'corecontrast@POST@/singlecore#us_west_1#start')]
==
load_for_compute_edge[('corecontrast@POST@/singlecore#us_west_1#start',_'corecontrast@POST@/singlecore#us_west_1#end')]
--------------------------------------------------------------------------------
load_for_network_edge[('sslateingress@POST@/multicore#us_west_1#end',_'corecontrast@POST@/multicore#us_west_1#start')] + load_for_network_edge[('sslateingress@POST@/multicore#us_central_1#end',_'corecontrast@POST@/multicore#us_west_1#start')] + load_for_network_edge[('sslateingress@POST@/multicore#us_south_1#end',_'corecontrast@POST@/multicore#us_west_1#start')] + load_for_network_edge[('sslateingress@POST@/multicore#us_east_1#end',_'corecontrast@POST@/multicore#us_west_1#start')]
==
load_for_compute_edge[('corecontrast@POST@/multicore#us_west_1#start',_'corecontrast@POST@/multicore#us_west_1#end')]
--------------------------------------------------------------------------------
load_for_network_edge[('SOURCE#XXXX#end',_'sslateingress@POST@/singlecore#us_west_1#start')]
==
load_for_compute_edge[('sslateingress@POST@/singlecore#us_west_1#start',_'sslateingress@POST@/singlecore#us_west_1#end')]
--------------------------------------------------------------------------------
load_for_network_edge[('SOURCE#XXXX#end',_'sslateingress@POST@/multicore#us_west_1#start')]
==
load_for_compute_edge[('sslateingress@POST@/multicore#us_west_1#start',_'sslateingress@POST@/multicore#us_west_1#end')]
--------------------------------------------------------------------------------
load_for_compute_edge[('sslateingress@POST@/singlecore#us_west_1#start',_'sslateingress@POST@/singlecore#us_west_1#end')]
==
load_for_network_edge[('sslateingress@POST@/singlecore#us_west_1#end',_'corecontrast@POST@/singlecore#us_west_1#start')] + load_for_network_edge[('sslateingress@POST@/singlecore#us_west_1#end',_'corecontrast@POST@/singlecore#us_central_1#start')] + load_for_network_edge[('sslateingress@POST@/singlecore#us_west_1#end',_'corecontrast@POST@/singlecore#us_south_1#start')] + load_for_network_edge[('sslateingress@POST@/singlecore#us_west_1#end',_'corecontrast@POST@/singlecore#us_east_1#start')]
--------------------------------------------------------------------------------
load_for_compute_edge[('sslateingress@POST@/singlecore#us_central_1#start',_'sslateingress@POST@/singlecore#us_central_1#end')]
==
load_for_network_edge[('sslateingress@POST@/singlecore#us_central_1#end',_'corecontrast@POST@/singlecore#us_west_1#start')] + load_for_network_edge[('sslateingress@POST@/singlecore#us_central_1#end',_'corecontrast@POST@/singlecore#us_central_1#start')] + load_for_network_edge[('sslateingress@POST@/singlecore#us_central_1#end',_'corecontrast@POST@/singlecore#us_south_1#start')] + load_for_network_edge[('sslateingress@POST@/singlecore#us_central_1#end',_'corecontrast@POST@/singlecore#us_east_1#start')]
--------------------------------------------------------------------------------
load_for_compute_edge[('sslateingress@POST@/singlecore#us_south_1#start',_'sslateingress@POST@/singlecore#us_south_1#end')]
==
load_for_network_edge[('sslateingress@POST@/singlecore#us_south_1#end',_'corecontrast@POST@/singlecore#us_west_1#start')] + load_for_network_edge[('sslateingress@POST@/singlecore#us_south_1#end',_'corecontrast@POST@/singlecore#us_central_1#start')] + load_for_network_edge[('sslateingress@POST@/singlecore#us_south_1#end',_'corecontrast@POST@/singlecore#us_south_1#start')] + load_for_network_edge[('sslateingress@POST@/singlecore#us_south_1#end',_'corecontrast@POST@/singlecore#us_east_1#start')]
--------------------------------------------------------------------------------
load_for_compute_edge[('sslateingress@POST@/singlecore#us_east_1#start',_'sslateingress@POST@/singlecore#us_east_1#end')]
==
load_for_network_edge[('sslateingress@POST@/singlecore#us_east_1#end',_'corecontrast@POST@/singlecore#us_west_1#start')] + load_for_network_edge[('sslateingress@POST@/singlecore#us_east_1#end',_'corecontrast@POST@/singlecore#us_central_1#start')] + load_for_network_edge[('sslateingress@POST@/singlecore#us_east_1#end',_'corecontrast@POST@/singlecore#us_south_1#start')] + load_for_network_edge[('sslateingress@POST@/singlecore#us_east_1#end',_'corecontrast@POST@/singlecore#us_east_1#start')]
--------------------------------------------------------------------------------
load_for_compute_edge[('sslateingress@POST@/multicore#us_west_1#start',_'sslateingress@POST@/multicore#us_west_1#end')]
==
load_for_network_edge[('sslateingress@POST@/multicore#us_west_1#end',_'corecontrast@POST@/multicore#us_west_1#start')] + load_for_network_edge[('sslateingress@POST@/multicore#us_west_1#end',_'corecontrast@POST@/multicore#us_central_1#start')] + load_for_network_edge[('sslateingress@POST@/multicore#us_west_1#end',_'corecontrast@POST@/multicore#us_south_1#start')] + load_for_network_edge[('sslateingress@POST@/multicore#us_west_1#end',_'corecontrast@POST@/multicore#us_east_1#start')]
--------------------------------------------------------------------------------
load_for_compute_edge[('sslateingress@POST@/multicore#us_central_1#start',_'sslateingress@POST@/multicore#us_central_1#end')]
==
load_for_network_edge[('sslateingress@POST@/multicore#us_central_1#end',_'corecontrast@POST@/multicore#us_west_1#start')] + load_for_network_edge[('sslateingress@POST@/multicore#us_central_1#end',_'corecontrast@POST@/multicore#us_central_1#start')] + load_for_network_edge[('sslateingress@POST@/multicore#us_central_1#end',_'corecontrast@POST@/multicore#us_south_1#start')] + load_for_network_edge[('sslateingress@POST@/multicore#us_central_1#end',_'corecontrast@POST@/multicore#us_east_1#start')]
--------------------------------------------------------------------------------
load_for_compute_edge[('sslateingress@POST@/multicore#us_south_1#start',_'sslateingress@POST@/multicore#us_south_1#end')]
==
load_for_network_edge[('sslateingress@POST@/multicore#us_south_1#end',_'corecontrast@POST@/multicore#us_west_1#start')] + load_for_network_edge[('sslateingress@POST@/multicore#us_south_1#end',_'corecontrast@POST@/multicore#us_central_1#start')] + load_for_network_edge[('sslateingress@POST@/multicore#us_south_1#end',_'corecontrast@POST@/multicore#us_south_1#start')] + load_for_network_edge[('sslateingress@POST@/multicore#us_south_1#end',_'corecontrast@POST@/multicore#us_east_1#start')]
--------------------------------------------------------------------------------
load_for_compute_edge[('sslateingress@POST@/multicore#us_east_1#start',_'sslateingress@POST@/multicore#us_east_1#end')]
==
load_for_network_edge[('sslateingress@POST@/multicore#us_east_1#end',_'corecontrast@POST@/multicore#us_west_1#start')] + load_for_network_edge[('sslateingress@POST@/multicore#us_east_1#end',_'corecontrast@POST@/multicore#us_central_1#start')] + load_for_network_edge[('sslateingress@POST@/multicore#us_east_1#end',_'corecontrast@POST@/multicore#us_south_1#start')] + load_for_network_edge[('sslateingress@POST@/multicore#us_east_1#end',_'corecontrast@POST@/multicore#us_east_1#start')]
--------------------------------------------------------------------------------
